
> server@1.0.0 dev
> tsx watch src/server.ts && lt --port 3333

node:events:491
      throw er; // Unhandled 'error' event
      ^

Error: EBADF: bad file descriptor, read
Emitted 'error' event on ReadStream instance at:
    at emitErrorNT (node:internal/streams/destroy:151:8)
    at errorOrDestroy (node:internal/streams/destroy:214:7)
    at node:internal/fs/streams:258:9
    at FSReqCallback.wrapper [as oncomplete] (node:fs:681:5) {
  errno: -9,
  code: 'EBADF',
  syscall: 'read'
}

Node.js v18.13.0

> server@1.0.0 dev
> tsx watch src/server.ts && lt --port 3333

node:events:491
      throw er; // Unhandled 'error' event
      ^

Error: EBADF: bad file descriptor, read
Emitted 'error' event on ReadStream instance at:
    at emitErrorNT (node:internal/streams/destroy:151:8)
    at errorOrDestroy (node:internal/streams/destroy:214:7)
    at node:internal/fs/streams:258:9
    at FSReqCallback.wrapper [as oncomplete] (node:fs:681:5) {
  errno: -9,
  code: 'EBADF',
  syscall: 'read'
}

Node.js v18.13.0
